[INFO ] 2023-07-18 12:39:40.120 [main] DriverFactory - the apk path is : /Users/moussaraouf/IdeaProjects/EcommerceApp/apps/ecomm1.8.apk
[INFO ] 2023-07-18 12:39:40.122 [main] DriverFactory - the appium server url is : http://localhost:4723
[INFO ] 2023-07-18 12:39:40.126 [main] DriverFactory - Capabilities of android emulator are : Capabilities {app: /Users/moussaraouf/IdeaProj..., appium:autoGrantPermissions: true, automationName: UiAutomator2, deviceName: Google Pixel 4a, fullReset: true, language: fr, locale: FR, platformName: ANDROID, platformVersion: 13.0}
[DEBUG] 2023-07-18 12:39:40.209 [main] InternalLoggerFactory - Using Log4J2 as the default logging framework
[DEBUG] 2023-07-18 12:39:40.213 [main] ResourceLeakDetector - -Dio.netty.leakDetection.level: simple
[DEBUG] 2023-07-18 12:39:40.213 [main] ResourceLeakDetector - -Dio.netty.leakDetection.targetRecords: 4
[DEBUG] 2023-07-18 12:39:40.217 [main] ResourceLeakDetectorFactory - Loaded default ResourceLeakDetector: io.netty.util.ResourceLeakDetector@790a251b
[DEBUG] 2023-07-18 12:39:40.231 [main] PlatformDependent0 - -Dio.netty.noUnsafe: false
[DEBUG] 2023-07-18 12:39:40.231 [main] PlatformDependent0 - Java version: 20
[DEBUG] 2023-07-18 12:39:40.232 [main] PlatformDependent0 - sun.misc.Unsafe.theUnsafe: available
[DEBUG] 2023-07-18 12:39:40.233 [main] PlatformDependent0 - sun.misc.Unsafe.copyMemory: available
[DEBUG] 2023-07-18 12:39:40.233 [main] PlatformDependent0 - sun.misc.Unsafe.storeFence: available
[DEBUG] 2023-07-18 12:39:40.234 [main] PlatformDependent0 - java.nio.Buffer.address: available
[DEBUG] 2023-07-18 12:39:40.234 [main] PlatformDependent0 - direct buffer constructor: unavailable: Reflective setAccessible(true) disabled
[DEBUG] 2023-07-18 12:39:40.235 [main] PlatformDependent0 - java.nio.Bits.unaligned: available, true
[DEBUG] 2023-07-18 12:39:40.236 [main] PlatformDependent0 - jdk.internal.misc.Unsafe.allocateUninitializedArray(int): unavailable: class io.netty.util.internal.PlatformDependent0$7 cannot access class jdk.internal.misc.Unsafe (in module java.base) because module java.base does not export jdk.internal.misc to unnamed module @2d3fcdbd
[DEBUG] 2023-07-18 12:39:40.236 [main] PlatformDependent0 - java.nio.DirectByteBuffer.<init>(long, int): unavailable
[DEBUG] 2023-07-18 12:39:40.236 [main] PlatformDependent - sun.misc.Unsafe: available
[DEBUG] 2023-07-18 12:39:40.238 [main] PlatformDependent - maxDirectMemory: 4294967296 bytes (maybe)
[DEBUG] 2023-07-18 12:39:40.238 [main] PlatformDependent - -Dio.netty.tmpdir: /var/folders/yk/ydsp6wg17pvgc7p04phjdstc0000gn/T (java.io.tmpdir)
[DEBUG] 2023-07-18 12:39:40.238 [main] PlatformDependent - -Dio.netty.bitMode: 64 (sun.arch.data.model)
[DEBUG] 2023-07-18 12:39:40.239 [main] PlatformDependent - Platform: MacOS
[DEBUG] 2023-07-18 12:39:40.239 [main] PlatformDependent - -Dio.netty.maxDirectMemory: -1 bytes
[DEBUG] 2023-07-18 12:39:40.239 [main] PlatformDependent - -Dio.netty.uninitializedArrayAllocationThreshold: -1
[DEBUG] 2023-07-18 12:39:40.240 [main] CleanerJava9 - java.nio.ByteBuffer.cleaner(): available
[DEBUG] 2023-07-18 12:39:40.240 [main] PlatformDependent - -Dio.netty.noPreferDirect: false
[DEBUG] 2023-07-18 12:39:40.245 [main] PlatformDependent - org.jctools-core.MpscChunkedArrayQueue: available
[DEBUG] 2023-07-18 12:39:40.265 [main] InternalThreadLocalMap - -Dio.netty.threadLocalMap.stringBuilder.initialSize: 1024
[DEBUG] 2023-07-18 12:39:40.265 [main] InternalThreadLocalMap - -Dio.netty.threadLocalMap.stringBuilder.maxSize: 4096
[DEBUG] 2023-07-18 12:39:40.369 [main] JdkSslContext - Default protocols (JDK): [TLSv1.3, TLSv1.2] 
[DEBUG] 2023-07-18 12:39:40.370 [main] JdkSslContext - Default cipher suites (JDK): [TLS_ECDHE_ECDSA_WITH_AES_256_GCM_SHA384, TLS_ECDHE_ECDSA_WITH_AES_128_GCM_SHA256, TLS_ECDHE_RSA_WITH_AES_128_GCM_SHA256, TLS_ECDHE_RSA_WITH_AES_256_GCM_SHA384, TLS_ECDHE_RSA_WITH_AES_128_CBC_SHA, TLS_ECDHE_RSA_WITH_AES_256_CBC_SHA, TLS_RSA_WITH_AES_128_GCM_SHA256, TLS_RSA_WITH_AES_128_CBC_SHA, TLS_RSA_WITH_AES_256_CBC_SHA, TLS_AES_128_GCM_SHA256, TLS_AES_256_GCM_SHA384]
[DEBUG] 2023-07-18 12:39:40.381 [main] GlobalEventExecutor - -Dio.netty.globalEventExecutor.quietPeriodSeconds: 1
[DEBUG] 2023-07-18 12:39:40.394 [main] MultithreadEventLoopGroup - -Dio.netty.eventLoopThreads: 32
[DEBUG] 2023-07-18 12:39:40.400 [main] NioEventLoop - -Dio.netty.noKeySetOptimization: false
[DEBUG] 2023-07-18 12:39:40.400 [main] NioEventLoop - -Dio.netty.selectorAutoRebuildThreshold: 512
[DEBUG] 2023-07-18 12:39:40.427 [main] PooledByteBufAllocator - -Dio.netty.allocator.numHeapArenas: 32
[DEBUG] 2023-07-18 12:39:40.427 [main] PooledByteBufAllocator - -Dio.netty.allocator.numDirectArenas: 32
[DEBUG] 2023-07-18 12:39:40.427 [main] PooledByteBufAllocator - -Dio.netty.allocator.pageSize: 8192
[DEBUG] 2023-07-18 12:39:40.427 [main] PooledByteBufAllocator - -Dio.netty.allocator.maxOrder: 9
[DEBUG] 2023-07-18 12:39:40.427 [main] PooledByteBufAllocator - -Dio.netty.allocator.chunkSize: 4194304
[DEBUG] 2023-07-18 12:39:40.427 [main] PooledByteBufAllocator - -Dio.netty.allocator.smallCacheSize: 256
[DEBUG] 2023-07-18 12:39:40.428 [main] PooledByteBufAllocator - -Dio.netty.allocator.normalCacheSize: 64
[DEBUG] 2023-07-18 12:39:40.428 [main] PooledByteBufAllocator - -Dio.netty.allocator.maxCachedBufferCapacity: 32768
[DEBUG] 2023-07-18 12:39:40.428 [main] PooledByteBufAllocator - -Dio.netty.allocator.cacheTrimInterval: 8192
[DEBUG] 2023-07-18 12:39:40.428 [main] PooledByteBufAllocator - -Dio.netty.allocator.cacheTrimIntervalMillis: 0
[DEBUG] 2023-07-18 12:39:40.428 [main] PooledByteBufAllocator - -Dio.netty.allocator.useCacheForAllThreads: false
[DEBUG] 2023-07-18 12:39:40.428 [main] PooledByteBufAllocator - -Dio.netty.allocator.maxCachedByteBuffersPerChunk: 1023
[DEBUG] 2023-07-18 12:39:40.437 [main] ByteBufUtil - -Dio.netty.allocator.type: pooled
[DEBUG] 2023-07-18 12:39:40.438 [main] ByteBufUtil - -Dio.netty.threadLocalDirectBufferSize: 0
[DEBUG] 2023-07-18 12:39:40.438 [main] ByteBufUtil - -Dio.netty.maxThreadLocalCharBufferSize: 16384
[DEBUG] 2023-07-18 12:39:40.589 [Forwarding newSession on session null to remote] DefaultChannelId - -Dio.netty.processId: 19232 (auto-detected)
[DEBUG] 2023-07-18 12:39:40.590 [Forwarding newSession on session null to remote] NetUtil - -Djava.net.preferIPv4Stack: false
[DEBUG] 2023-07-18 12:39:40.590 [Forwarding newSession on session null to remote] NetUtil - -Djava.net.preferIPv6Addresses: false
[DEBUG] 2023-07-18 12:39:40.597 [Forwarding newSession on session null to remote] NetUtilInitializations - Loopback interface: lo0 (lo0, 0:0:0:0:0:0:0:1%lo0)
[DEBUG] 2023-07-18 12:39:40.597 [Forwarding newSession on session null to remote] NetUtil - Failed to get SOMAXCONN from sysctl and file /proc/sys/net/core/somaxconn. Default: 128
[DEBUG] 2023-07-18 12:39:40.599 [Forwarding newSession on session null to remote] DefaultChannelId - -Dio.netty.machineId: 88:66:5a:ff:fe:1d:10:c9 (auto-detected)
[DEBUG] 2023-07-18 12:39:40.630 [AsyncHttpClient-1-2] AbstractByteBuf - -Dio.netty.buffer.checkAccessible: true
[DEBUG] 2023-07-18 12:39:40.630 [AsyncHttpClient-1-2] AbstractByteBuf - -Dio.netty.buffer.checkBounds: true
[DEBUG] 2023-07-18 12:39:40.630 [AsyncHttpClient-1-2] ResourceLeakDetectorFactory - Loaded default ResourceLeakDetector: io.netty.util.ResourceLeakDetector@5c623734
[DEBUG] 2023-07-18 12:39:40.650 [AsyncHttpClient-1-2] Recycler - -Dio.netty.recycler.maxCapacityPerThread: 4096
[DEBUG] 2023-07-18 12:39:40.650 [AsyncHttpClient-1-2] Recycler - -Dio.netty.recycler.ratio: 8
[DEBUG] 2023-07-18 12:39:40.650 [AsyncHttpClient-1-2] Recycler - -Dio.netty.recycler.chunkSize: 32
[DEBUG] 2023-07-18 12:39:40.650 [AsyncHttpClient-1-2] Recycler - -Dio.netty.recycler.blocking: false
[DEBUG] 2023-07-18 12:39:40.650 [AsyncHttpClient-1-2] Recycler - -Dio.netty.recycler.batchFastThreadLocalOnly: true
[DEBUG] 2023-07-18 12:39:50.118 [AsyncHttpClient-1-2] Brotli - brotli4j not in the classpath; Brotli support will be unavailable.
[INFO ] 2023-07-18 12:39:50.179 [main] GlobalHooks - The driver is UP 
[INFO ] 2023-07-18 12:39:50.179 [main] GlobalHooks - ** The test 'real account forget password operation' has just started
[INFO ] 2023-07-18 12:39:51.315 [main] MyAppium - ****** Trying to click 1 times on the element: Located by By.chained({AppiumBy.id: com.studiobluelime.ecommerceapp:id/btn_next})
[INFO ] 2023-07-18 12:39:53.013 [main] MyAppium - ****** Trying to click 1 times on the element: Located by By.chained({AppiumBy.id: com.studiobluelime.ecommerceapp:id/btn_next})
[INFO ] 2023-07-18 12:39:53.293 [main] MyAppium - ****** Trying to click 1 times on the element: Located by By.chained({AppiumBy.id: com.studiobluelime.ecommerceapp:id/btn_next})
[INFO ] 2023-07-18 12:39:55.454 [main] MyAppium - ****** Trying to click 1 times on the element: Located by By.chained({By.xpath: //android.widget.ImageButton[@content-desc="App"]})
[INFO ] 2023-07-18 12:39:57.052 [main] MyAppium - ****** Trying to click 1 times on the element: Located by By.chained({By.xpath: /hierarchy/android.widget.FrameLayout/android.widget.LinearLayout/android.widget.FrameLayout/android.view.ViewGroup/android.widget.FrameLayout[2]/androidx.drawerlayout.widget.DrawerLayout/android.widget.FrameLayout/androidx.recyclerview.widget.RecyclerView/androidx.appcompat.widget.LinearLayoutCompat[4]/android.widget.CheckedTextView})
[INFO ] 2023-07-18 12:39:58.534 [main] MyAppium - ****** Trying to click 1 times on the element: Located by By.chained({AppiumBy.id: tv_reset_password})
[INFO ] 2023-07-18 12:39:59.730 [main] MyAppium - ****** Trying to enter 'ivkevla@yopmail.com' in Located by By.chained({AppiumBy.id: et_pr_email})
[INFO ] 2023-07-18 12:40:01.888 [main] MyAppium - ****** Trying to click 1 times on the element: Located by By.chained({AppiumBy.id: btn_pr_reset})
[WARN ] 2023-07-18 12:40:08.440 [main] MyAppium - ****** Impossible to click on element [Located by By.chained({By.xpath: //*[@resource-id='com.android.chrome:id/search_box_text'] | //*[@resource-id='com.android.chrome:id/url_bar']})] after 0 attempts.
[INFO ] 2023-07-18 12:40:09.034 [main] MyAppium - ****** Trying to click 2 times on the element: Located by By.chained({By.xpath: //*[@resource-id='com.android.chrome:id/search_box_text'] | //*[@resource-id='com.android.chrome:id/url_bar']})
[INFO ] 2023-07-18 12:40:09.038 [main] MyAppium - ****** Trying to enter 'https://yopmail.com/fr/' in Located by By.chained({By.xpath: //*[@resource-id='com.android.chrome:id/search_box_text'] | //*[@resource-id='com.android.chrome:id/url_bar']})
[INFO ] 2023-07-18 12:40:12.623 [main] MyAppium - ****** Trying to enter 'ivkevla@yopmail.com' in Located by By.chained({By.xpath: /hierarchy/android.widget.FrameLayout/android.widget.LinearLayout/android.widget.FrameLayout/android.widget.FrameLayout/android.widget.FrameLayout/android.view.ViewGroup/android.widget.FrameLayout[1]/android.widget.FrameLayout[2]/android.webkit.WebView/android.view.View/android.view.View[2]/android.view.View[2]/android.view.View/android.view.View/android.view.View/android.view.View/android.view.View[2]/android.widget.EditText})
[INFO ] 2023-07-18 12:40:22.916 [main] DriverFactory - the apk path is : /Users/moussaraouf/IdeaProjects/EcommerceApp/apps/ecomm1.8.apk
[INFO ] 2023-07-18 12:40:22.916 [main] DriverFactory - the appium server url is : http://localhost:4723
[INFO ] 2023-07-18 12:40:22.916 [main] DriverFactory - Capabilities of android emulator are : Capabilities {app: /Users/moussaraouf/IdeaProj..., appium:autoGrantPermissions: true, automationName: UiAutomator2, deviceName: Google Pixel 4a, fullReset: true, language: fr, locale: FR, platformName: ANDROID, platformVersion: 13.0}
[INFO ] 2023-07-18 12:40:30.636 [main] GlobalHooks - The driver is UP 
[INFO ] 2023-07-18 12:40:30.637 [main] GlobalHooks - ** The test 'random account forget password operation' has just started
[INFO ] 2023-07-18 12:40:31.640 [main] MyAppium - ****** Trying to click 1 times on the element: Located by By.chained({AppiumBy.id: com.studiobluelime.ecommerceapp:id/btn_next})
[INFO ] 2023-07-18 12:40:33.355 [main] MyAppium - ****** Trying to click 1 times on the element: Located by By.chained({AppiumBy.id: com.studiobluelime.ecommerceapp:id/btn_next})
[INFO ] 2023-07-18 12:40:33.734 [main] MyAppium - ****** Trying to click 1 times on the element: Located by By.chained({AppiumBy.id: com.studiobluelime.ecommerceapp:id/btn_next})
[INFO ] 2023-07-18 12:40:35.464 [main] MyAppium - ****** Trying to click 1 times on the element: Located by By.chained({By.xpath: //android.widget.ImageButton[@content-desc="App"]})
[INFO ] 2023-07-18 12:40:37.412 [main] MyAppium - ****** Trying to click 1 times on the element: Located by By.chained({By.xpath: /hierarchy/android.widget.FrameLayout/android.widget.LinearLayout/android.widget.FrameLayout/android.view.ViewGroup/android.widget.FrameLayout[2]/androidx.drawerlayout.widget.DrawerLayout/android.widget.FrameLayout/androidx.recyclerview.widget.RecyclerView/androidx.appcompat.widget.LinearLayoutCompat[4]/android.widget.CheckedTextView})
[INFO ] 2023-07-18 12:40:38.889 [main] MyAppium - ****** Trying to click 1 times on the element: Located by By.chained({AppiumBy.id: tv_reset_password})
[INFO ] 2023-07-18 12:40:40.154 [main] MyAppium - ****** Trying to enter 'vinnvb@yopmail.com' in Located by By.chained({AppiumBy.id: et_pr_email})
[INFO ] 2023-07-18 12:40:42.148 [main] MyAppium - ****** Trying to click 1 times on the element: Located by By.chained({AppiumBy.id: btn_pr_reset})
[INFO ] 2023-07-18 12:40:47.188 [main] MyAppium - ****** Verifying whether the element : 'Located by By.chained({AppiumBy.id: com.studiobluelime.ecommerceapp:id/snackbar_text})' is present or not
[INFO ] 2023-07-18 12:40:48.287 [main] MyAppium - ****** The element  : 'Located by By.chained({AppiumBy.id: com.studiobluelime.ecommerceapp:id/snackbar_text})' is not display
[INFO ] 2023-07-18 12:40:48.300 [main] DriverFactory - the apk path is : /Users/moussaraouf/IdeaProjects/EcommerceApp/apps/ecomm1.8.apk
[INFO ] 2023-07-18 12:40:48.300 [main] DriverFactory - the appium server url is : http://localhost:4723
[INFO ] 2023-07-18 12:40:48.300 [main] DriverFactory - Capabilities of android emulator are : Capabilities {app: /Users/moussaraouf/IdeaProj..., appium:autoGrantPermissions: true, automationName: UiAutomator2, deviceName: Google Pixel 4a, fullReset: true, language: fr, locale: FR, platformName: ANDROID, platformVersion: 13.0}
[INFO ] 2023-07-18 12:40:55.988 [main] GlobalHooks - The driver is UP 
[INFO ] 2023-07-18 12:40:55.989 [main] GlobalHooks - ** The test 'check if im connected' has just started
[INFO ] 2023-07-18 12:40:57.771 [main] MyAppium - ****** Trying to click 1 times on the element: Located by By.chained({AppiumBy.id: com.studiobluelime.ecommerceapp:id/btn_next})
[INFO ] 2023-07-18 12:40:58.805 [main] MyAppium - ****** Trying to click 1 times on the element: Located by By.chained({AppiumBy.id: com.studiobluelime.ecommerceapp:id/btn_next})
